<?xml version="1.0" encoding="UTF-8"?>
<!-- Generated by org.testng.reporters.JUnitReportReporter -->
<testsuite skipped="0" hostname="mahen-PC" name="com.lib.Config" tests="1" failures="0" timestamp="12 Jun 2017 15:18:34 GMT" time="0.022" errors="0">
  <testcase name="config" time="0.022" classname="com.lib.Config"/>
</testsuite> <!-- com.lib.Config -->
